number of photons = 1000000.000000
bin size = 0.00300 [cm] 
last row is overflow. Ignore.
r [cm] 	 Fsph [1/cm2] 	 Fcyl [1/cm2] 	 Fpla [1/cm2]
0.00150 	 1.813e+04 	 8.276e+01 	 3.457e+00 
0.00450 	 3.884e+03 	 5.458e+01 	 5.239e+00 
0.00750 	 1.399e+03 	 3.286e+01 	 4.503e+00 
0.01050 	 7.223e+02 	 2.315e+01 	 4.172e+00 
0.01350 	 4.297e+02 	 1.777e+01 	 3.880e+00 
0.01650 	 2.785e+02 	 1.379e+01 	 3.651e+00 
0.01950 	 2.065e+02 	 1.186e+01 	 3.495e+00 
0.02250 	 1.492e+02 	 1.032e+01 	 3.344e+00 
0.02550 	 1.187e+02 	 9.354e+00 	 3.188e+00 
0.02850 	 9.575e+01 	 7.934e+00 	 3.111e+00 
0.03150 	 7.611e+01 	 7.350e+00 	 2.949e+00 
0.03450 	 6.548e+01 	 6.581e+00 	 2.879e+00 
0.03750 	 5.451e+01 	 6.155e+00 	 2.762e+00 
0.04050 	 4.633e+01 	 5.469e+00 	 2.753e+00 
0.04350 	 4.155e+01 	 5.138e+00 	 2.628e+00 
0.04650 	 3.603e+01 	 4.796e+00 	 2.587e+00 
0.04950 	 3.078e+01 	 4.310e+00 	 2.547e+00 
0.05250 	 2.790e+01 	 4.075e+00 	 2.433e+00 
0.05550 	 2.400e+01 	 3.903e+00 	 2.370e+00 
0.05850 	 2.207e+01 	 3.692e+00 	 2.378e+00 
0.06150 	 1.952e+01 	 3.438e+00 	 2.288e+00 
0.06450 	 1.810e+01 	 3.372e+00 	 2.275e+00 
0.06750 	 1.599e+01 	 3.054e+00 	 2.235e+00 
0.07050 	 1.541e+01 	 2.932e+00 	 2.147e+00 
0.07350 	 1.328e+01 	 2.816e+00 	 2.091e+00 
0.07650 	 1.237e+01 	 2.652e+00 	 2.096e+00 
0.07950 	 1.159e+01 	 2.578e+00 	 2.038e+00 
0.08250 	 1.113e+01 	 2.480e+00 	 2.026e+00 
0.08550 	 1.017e+01 	 2.380e+00 	 1.920e+00 
0.08850 	 9.205e+00 	 2.275e+00 	 1.988e+00 
0.09150 	 8.510e+00 	 2.153e+00 	 1.887e+00 
0.09450 	 8.142e+00 	 2.097e+00 	 1.885e+00 
0.09750 	 7.738e+00 	 2.001e+00 	 1.873e+00 
0.10050 	 7.120e+00 	 1.962e+00 	 1.819e+00 
0.10350 	 6.631e+00 	 1.889e+00 	 1.823e+00 
0.10650 	 6.172e+00 	 1.794e+00 	 1.764e+00 
0.10950 	 5.774e+00 	 1.749e+00 	 1.717e+00 
0.11250 	 5.638e+00 	 1.695e+00 	 1.722e+00 
0.11550 	 5.307e+00 	 1.677e+00 	 1.650e+00 
0.11850 	 5.174e+00 	 1.569e+00 	 1.663e+00 
0.12150 	 4.807e+00 	 1.538e+00 	 1.671e+00 
0.12450 	 4.525e+00 	 1.510e+00 	 1.606e+00 
0.12750 	 4.332e+00 	 1.427e+00 	 1.625e+00 
0.13050 	 4.120e+00 	 1.368e+00 	 1.583e+00 
0.13350 	 3.925e+00 	 1.370e+00 	 1.533e+00 
0.13650 	 3.766e+00 	 1.305e+00 	 1.523e+00 
0.13950 	 3.575e+00 	 1.324e+00 	 1.509e+00 
0.14250 	 3.434e+00 	 1.288e+00 	 1.507e+00 
0.14550 	 3.198e+00 	 1.253e+00 	 1.516e+00 
0.14850 	 3.198e+00 	 1.195e+00 	 1.496e+00 
0.15150 	 2.911e+00 	 1.177e+00 	 1.482e+00 
0.15450 	 2.825e+00 	 1.142e+00 	 1.465e+00 
0.15750 	 2.689e+00 	 1.112e+00 	 1.428e+00 
0.16050 	 2.663e+00 	 1.064e+00 	 1.402e+00 
0.16350 	 2.635e+00 	 1.067e+00 	 1.403e+00 
0.16650 	 2.442e+00 	 1.027e+00 	 1.413e+00 
0.16950 	 2.317e+00 	 1.009e+00 	 1.399e+00 
0.17250 	 2.263e+00 	 9.912e-01 	 1.362e+00 
0.17550 	 2.175e+00 	 9.522e-01 	 1.304e+00 
0.17850 	 2.089e+00 	 9.555e-01 	 1.298e+00 
0.18150 	 1.985e+00 	 9.476e-01 	 1.301e+00 
0.18450 	 1.949e+00 	 9.385e-01 	 1.253e+00 
0.18750 	 1.905e+00 	 8.604e-01 	 1.260e+00 
0.19050 	 1.804e+00 	 8.555e-01 	 1.271e+00 
0.19350 	 1.729e+00 	 8.562e-01 	 1.281e+00 
0.19650 	 1.675e+00 	 8.553e-01 	 1.206e+00 
0.19950 	 1.675e+00 	 8.145e-01 	 1.231e+00 
0.20250 	 1.622e+00 	 7.980e-01 	 1.231e+00 
0.20550 	 1.557e+00 	 7.833e-01 	 1.211e+00 
0.20850 	 1.530e+00 	 7.962e-01 	 1.205e+00 
0.21150 	 1.448e+00 	 7.753e-01 	 1.197e+00 
0.21450 	 1.373e+00 	 7.296e-01 	 1.207e+00 
0.21750 	 1.365e+00 	 7.383e-01 	 1.170e+00 
0.22050 	 1.339e+00 	 7.403e-01 	 1.179e+00 
0.22350 	 1.225e+00 	 6.824e-01 	 1.140e+00 
0.22650 	 1.218e+00 	 6.474e-01 	 1.136e+00 
0.22950 	 1.215e+00 	 6.946e-01 	 1.089e+00 
0.23250 	 1.143e+00 	 6.702e-01 	 1.101e+00 
0.23550 	 1.145e+00 	 6.526e-01 	 1.089e+00 
0.23850 	 1.085e+00 	 6.377e-01 	 1.095e+00 
0.24150 	 1.105e+00 	 6.311e-01 	 1.068e+00 
0.24450 	 1.010e+00 	 6.015e-01 	 1.075e+00 
0.24750 	 1.021e+00 	 6.148e-01 	 1.085e+00 
0.25050 	 9.592e-01 	 5.919e-01 	 1.050e+00 
0.25350 	 9.473e-01 	 6.088e-01 	 1.032e+00 
0.25650 	 9.305e-01 	 5.917e-01 	 1.005e+00 
0.25950 	 9.418e-01 	 5.743e-01 	 1.010e+00 
0.26250 	 8.831e-01 	 5.687e-01 	 1.024e+00 
0.26550 	 8.723e-01 	 5.405e-01 	 1.020e+00 
0.26850 	 8.845e-01 	 5.339e-01 	 1.001e+00 
0.27150 	 8.550e-01 	 5.342e-01 	 9.863e-01 
0.27450 	 7.952e-01 	 5.114e-01 	 9.770e-01 
0.27750 	 7.881e-01 	 5.311e-01 	 9.527e-01 
0.28050 	 7.370e-01 	 5.125e-01 	 9.493e-01 
0.28350 	 7.399e-01 	 4.996e-01 	 9.347e-01 
0.28650 	 7.119e-01 	 5.013e-01 	 9.533e-01 
0.28950 	 7.276e-01 	 5.012e-01 	 9.237e-01 
0.29250 	 6.880e-01 	 4.736e-01 	 9.200e-01 
0.29550 	 6.735e-01 	 4.553e-01 	 9.367e-01 
0.29850 	 6.636e-01 	 4.672e-01 	 9.097e-01 
0.30150 	 6.469e-01 	 4.478e-01 	 9.190e-01 
0.30450 	 6.282e-01 	 4.697e-01 	 8.683e-01 
0.30750 	 6.275e-01 	 4.501e-01 	 8.787e-01 
0.31050 	 5.948e-01 	 4.355e-01 	 8.790e-01 
0.31350 	 6.038e-01 	 4.364e-01 	 8.553e-01 
0.31650 	 5.855e-01 	 4.338e-01 	 8.633e-01 
0.31950 	 5.548e-01 	 4.181e-01 	 8.497e-01 
0.32250 	 5.386e-01 	 4.210e-01 	 8.523e-01 
0.32550 	 5.743e-01 	 4.062e-01 	 8.707e-01 
0.32850 	 5.174e-01 	 3.989e-01 	 8.703e-01 
0.33150 	 5.470e-01 	 4.007e-01 	 8.447e-01 
0.33450 	 4.938e-01 	 3.962e-01 	 7.993e-01 
0.33750 	 4.984e-01 	 3.818e-01 	 8.530e-01 
0.34050 	 4.704e-01 	 3.738e-01 	 8.360e-01 
0.34350 	 4.827e-01 	 3.784e-01 	 7.877e-01 
0.34650 	 4.772e-01 	 3.687e-01 	 8.163e-01 
0.34950 	 4.573e-01 	 3.693e-01 	 7.923e-01 
0.35250 	 4.637e-01 	 3.547e-01 	 7.943e-01 
0.35550 	 4.259e-01 	 3.549e-01 	 7.670e-01 
0.35850 	 4.204e-01 	 3.495e-01 	 7.827e-01 
0.36150 	 4.494e-01 	 3.578e-01 	 7.827e-01 
0.36450 	 4.257e-01 	 3.416e-01 	 7.660e-01 
0.36750 	 3.960e-01 	 3.366e-01 	 7.697e-01 
0.37050 	 4.052e-01 	 3.322e-01 	 7.337e-01 
0.37350 	 3.955e-01 	 3.288e-01 	 7.417e-01 
0.37650 	 3.941e-01 	 3.355e-01 	 7.707e-01 
0.37950 	 3.750e-01 	 3.161e-01 	 7.400e-01 
0.38250 	 3.717e-01 	 3.130e-01 	 7.323e-01 
0.38550 	 3.575e-01 	 3.205e-01 	 7.363e-01 
0.38850 	 3.529e-01 	 3.113e-01 	 7.260e-01 
0.39150 	 3.421e-01 	 3.096e-01 	 7.170e-01 
0.39450 	 3.421e-01 	 2.984e-01 	 7.077e-01 
0.39750 	 3.499e-01 	 3.039e-01 	 7.023e-01 
0.40050 	 3.238e-01 	 2.957e-01 	 6.873e-01 
0.40350 	 3.262e-01 	 2.985e-01 	 7.107e-01 
0.40650 	 3.219e-01 	 2.892e-01 	 6.910e-01 
0.40950 	 3.161e-01 	 2.829e-01 	 6.767e-01 
0.41250 	 3.144e-01 	 2.787e-01 	 6.570e-01 
0.41550 	 3.071e-01 	 2.762e-01 	 6.683e-01 
0.41850 	 2.973e-01 	 2.743e-01 	 6.907e-01 
0.42150 	 2.923e-01 	 2.777e-01 	 6.807e-01 
0.42450 	 2.835e-01 	 2.688e-01 	 6.600e-01 
0.42750 	 2.750e-01 	 2.817e-01 	 6.823e-01 
0.43050 	 2.724e-01 	 2.636e-01 	 6.460e-01 
0.43350 	 2.733e-01 	 2.667e-01 	 6.530e-01 
0.43650 	 2.744e-01 	 2.591e-01 	 6.600e-01 
0.43950 	 2.659e-01 	 2.600e-01 	 6.363e-01 
0.44250 	 2.600e-01 	 2.515e-01 	 6.523e-01 
0.44550 	 2.646e-01 	 2.546e-01 	 6.123e-01 
0.44850 	 2.557e-01 	 2.445e-01 	 6.090e-01 
0.45150 	 2.560e-01 	 2.418e-01 	 6.183e-01 
0.45450 	 2.405e-01 	 2.370e-01 	 6.273e-01 
0.45750 	 2.407e-01 	 2.376e-01 	 6.177e-01 
0.46050 	 2.378e-01 	 2.227e-01 	 6.280e-01 
0.46350 	 2.363e-01 	 2.377e-01 	 6.033e-01 
0.46650 	 2.238e-01 	 2.315e-01 	 6.157e-01 
0.46950 	 2.286e-01 	 2.376e-01 	 5.980e-01 
0.47250 	 2.309e-01 	 2.312e-01 	 6.150e-01 
0.47550 	 2.160e-01 	 2.278e-01 	 6.063e-01 
0.47850 	 2.077e-01 	 2.225e-01 	 6.123e-01 
0.48150 	 2.241e-01 	 2.139e-01 	 5.753e-01 
0.48450 	 2.074e-01 	 2.270e-01 	 5.623e-01 
0.48750 	 2.062e-01 	 2.169e-01 	 5.680e-01 
0.49050 	 2.024e-01 	 2.108e-01 	 5.810e-01 
0.49350 	 1.934e-01 	 2.055e-01 	 5.720e-01 
0.49650 	 1.938e-01 	 2.061e-01 	 5.580e-01 
0.49950 	 1.937e-01 	 2.052e-01 	 5.783e-01 
0.50250 	 1.882e-01 	 1.972e-01 	 5.650e-01 
0.50550 	 1.864e-01 	 2.010e-01 	 5.353e-01 
0.50850 	 1.868e-01 	 1.973e-01 	 5.713e-01 
0.51150 	 1.867e-01 	 1.905e-01 	 5.480e-01 
0.51450 	 1.685e-01 	 1.908e-01 	 5.507e-01 
0.51750 	 1.684e-01 	 1.907e-01 	 5.587e-01 
0.52050 	 1.667e-01 	 1.809e-01 	 5.630e-01 
0.52350 	 1.720e-01 	 1.917e-01 	 5.377e-01 
0.52650 	 1.699e-01 	 1.877e-01 	 5.443e-01 
0.52950 	 1.630e-01 	 1.855e-01 	 4.967e-01 
0.53250 	 1.721e-01 	 1.799e-01 	 5.270e-01 
0.53550 	 1.666e-01 	 1.880e-01 	 5.343e-01 
0.53850 	 1.669e-01 	 1.863e-01 	 5.203e-01 
0.54150 	 1.548e-01 	 1.772e-01 	 4.967e-01 
0.54450 	 1.581e-01 	 1.805e-01 	 5.103e-01 
0.54750 	 1.559e-01 	 1.761e-01 	 4.997e-01 
0.55050 	 1.492e-01 	 1.709e-01 	 5.057e-01 
0.55350 	 1.400e-01 	 1.701e-01 	 5.137e-01 
0.55650 	 1.463e-01 	 1.726e-01 	 5.103e-01 
0.55950 	 1.513e-01 	 1.707e-01 	 4.967e-01 
0.56250 	 1.382e-01 	 1.650e-01 	 4.873e-01 
0.56550 	 1.363e-01 	 1.671e-01 	 4.930e-01 
0.56850 	 1.392e-01 	 1.592e-01 	 4.877e-01 
0.57150 	 1.411e-01 	 1.676e-01 	 4.683e-01 
0.57450 	 1.308e-01 	 1.639e-01 	 4.653e-01 
0.57750 	 1.304e-01 	 1.604e-01 	 4.857e-01 
0.58050 	 1.328e-01 	 1.536e-01 	 4.767e-01 
0.58350 	 1.325e-01 	 1.590e-01 	 4.743e-01 
0.58650 	 1.285e-01 	 1.563e-01 	 4.733e-01 
0.58950 	 1.282e-01 	 1.511e-01 	 4.687e-01 
0.59250 	 1.202e-01 	 1.472e-01 	 4.747e-01 
0.59550 	 1.257e-01 	 1.549e-01 	 4.510e-01 
0.59850 	 1.265e-01 	 1.490e-01 	 4.723e-01 
0.60150 	 1.207e-01 	 1.520e-01 	 4.760e-01 
0.60450 	 1.185e-01 	 1.406e-01 	 4.497e-01 
0.60750 	 1.235e-01 	 1.427e-01 	 4.467e-01 
0.61050 	 1.149e-01 	 1.433e-01 	 4.377e-01 
0.61350 	 1.147e-01 	 1.441e-01 	 4.300e-01 
0.61650 	 1.099e-01 	 1.417e-01 	 4.360e-01 
0.61950 	 1.116e-01 	 1.373e-01 	 4.440e-01 
0.62250 	 1.130e-01 	 1.364e-01 	 4.373e-01 
0.62550 	 1.025e-01 	 1.364e-01 	 4.307e-01 
0.62850 	 1.082e-01 	 1.301e-01 	 4.270e-01 
0.63150 	 1.052e-01 	 1.322e-01 	 4.227e-01 
0.63450 	 1.032e-01 	 1.353e-01 	 4.407e-01 
0.63750 	 1.072e-01 	 1.334e-01 	 4.020e-01 
0.64050 	 1.031e-01 	 1.323e-01 	 4.250e-01 
0.64350 	 9.794e-02 	 1.313e-01 	 4.077e-01 
0.64650 	 1.008e-01 	 1.310e-01 	 4.113e-01 
0.64950 	 1.027e-01 	 1.230e-01 	 4.220e-01 
0.65250 	 9.588e-02 	 1.262e-01 	 4.113e-01 
0.65550 	 9.674e-02 	 1.246e-01 	 4.183e-01 
0.65850 	 9.164e-02 	 1.295e-01 	 4.043e-01 
0.66150 	 9.469e-02 	 1.257e-01 	 4.127e-01 
0.66450 	 8.951e-02 	 1.207e-01 	 4.093e-01 
0.66750 	 9.019e-02 	 1.238e-01 	 3.983e-01 
0.67050 	 9.417e-02 	 1.229e-01 	 3.973e-01 
0.67350 	 8.608e-02 	 1.186e-01 	 3.803e-01 
0.67650 	 8.688e-02 	 1.138e-01 	 3.897e-01 
0.67950 	 8.893e-02 	 1.232e-01 	 3.810e-01 
0.68250 	 8.958e-02 	 1.142e-01 	 4.090e-01 
0.68550 	 8.755e-02 	 1.166e-01 	 3.763e-01 
0.68850 	 8.612e-02 	 1.145e-01 	 3.723e-01 
0.69150 	 8.205e-02 	 1.169e-01 	 3.687e-01 
0.69450 	 8.447e-02 	 1.092e-01 	 3.937e-01 
0.69750 	 8.189e-02 	 1.131e-01 	 3.947e-01 
0.70050 	 8.255e-02 	 1.178e-01 	 3.787e-01 
0.70350 	 7.932e-02 	 1.093e-01 	 3.923e-01 
0.70650 	 8.370e-02 	 1.078e-01 	 3.773e-01 
0.70950 	 7.440e-02 	 1.035e-01 	 3.763e-01 
0.71250 	 7.916e-02 	 1.038e-01 	 3.797e-01 
0.71550 	 7.788e-02 	 1.042e-01 	 3.563e-01 
0.71850 	 7.456e-02 	 1.094e-01 	 3.643e-01 
0.72150 	 7.394e-02 	 1.064e-01 	 3.770e-01 
0.72450 	 7.176e-02 	 9.863e-02 	 3.673e-01 
0.72750 	 7.197e-02 	 1.009e-01 	 3.577e-01 
0.73050 	 6.730e-02 	 9.993e-02 	 3.567e-01 
0.73350 	 7.129e-02 	 1.025e-01 	 3.433e-01 
0.73650 	 7.105e-02 	 1.024e-01 	 3.623e-01 
0.73950 	 6.534e-02 	 1.005e-01 	 3.470e-01 
0.74250 	 6.842e-02 	 9.667e-02 	 3.417e-01 
0.74550 	 6.811e-02 	 1.014e-01 	 3.397e-01 
0.74850 	 6.662e-02 	 9.845e-02 	 3.453e-01 
0.75150 	 6.801e-02 	 9.629e-02 	 3.313e-01 
0.75450 	 6.645e-02 	 9.499e-02 	 3.233e-01 
0.75750 	 6.342e-02 	 9.847e-02 	 3.270e-01 
0.76050 	 6.462e-02 	 9.655e-02 	 3.333e-01 
0.76350 	 6.644e-02 	 9.506e-02 	 3.307e-01 
0.76650 	 6.294e-02 	 9.434e-02 	 3.433e-01 
0.76950 	 6.173e-02 	 8.632e-02 	 3.227e-01 
0.77250 	 6.330e-02 	 8.928e-02 	 3.197e-01 
0.77550 	 6.179e-02 	 8.927e-02 	 3.373e-01 
0.77850 	 6.049e-02 	 8.934e-02 	 3.250e-01 
0.78150 	 5.907e-02 	 8.961e-02 	 3.180e-01 
0.78450 	 5.844e-02 	 8.690e-02 	 3.157e-01 
0.78750 	 5.774e-02 	 8.663e-02 	 3.217e-01 
0.79050 	 5.616e-02 	 8.939e-02 	 3.193e-01 
0.79350 	 5.751e-02 	 8.451e-02 	 3.150e-01 
0.79650 	 5.423e-02 	 8.685e-02 	 3.323e-01 
0.79950 	 5.706e-02 	 8.314e-02 	 3.130e-01 
0.80250 	 5.519e-02 	 8.918e-02 	 3.040e-01 
0.80550 	 5.630e-02 	 8.490e-02 	 3.003e-01 
0.80850 	 5.454e-02 	 8.452e-02 	 2.980e-01 
0.81150 	 5.623e-02 	 8.361e-02 	 3.013e-01 
0.81450 	 5.418e-02 	 8.168e-02 	 3.003e-01 
0.81750 	 5.450e-02 	 8.073e-02 	 3.003e-01 
0.82050 	 5.311e-02 	 8.082e-02 	 3.030e-01 
0.82350 	 5.022e-02 	 8.072e-02 	 3.070e-01 
0.82650 	 5.631e-02 	 8.601e-02 	 2.980e-01 
0.82950 	 5.316e-02 	 8.065e-02 	 2.810e-01 
0.83250 	 4.987e-02 	 7.902e-02 	 2.867e-01 
0.83550 	 4.856e-02 	 8.109e-02 	 2.953e-01 
0.83850 	 4.939e-02 	 7.966e-02 	 2.940e-01 
0.84150 	 4.978e-02 	 7.780e-02 	 2.920e-01 
0.84450 	 4.512e-02 	 7.608e-02 	 2.760e-01 
0.84750 	 4.771e-02 	 7.387e-02 	 2.940e-01 
0.85050 	 4.459e-02 	 7.791e-02 	 2.907e-01 
0.85350 	 4.526e-02 	 7.366e-02 	 2.883e-01 
0.85650 	 4.845e-02 	 7.154e-02 	 2.727e-01 
0.85950 	 4.546e-02 	 7.629e-02 	 2.797e-01 
0.86250 	 4.536e-02 	 7.393e-02 	 2.827e-01 
0.86550 	 4.476e-02 	 7.037e-02 	 2.780e-01 
0.86850 	 4.681e-02 	 6.933e-02 	 2.913e-01 
0.87150 	 4.243e-02 	 6.934e-02 	 2.977e-01 
0.87450 	 4.596e-02 	 7.231e-02 	 2.727e-01 
0.87750 	 4.423e-02 	 7.080e-02 	 2.727e-01 
0.88050 	 4.246e-02 	 6.670e-02 	 2.783e-01 
0.88350 	 4.278e-02 	 6.497e-02 	 2.587e-01 
0.88650 	 4.266e-02 	 7.169e-02 	 2.733e-01 
0.88950 	 4.321e-02 	 7.205e-02 	 2.663e-01 
0.89250 	 4.113e-02 	 6.866e-02 	 2.640e-01 
0.89550 	 4.098e-02 	 6.517e-02 	 2.660e-01 
0.89850 	 4.127e-02 	 6.454e-02 	 2.523e-01 
0.90150 	 4.201e-02 	 6.220e-02 	 2.477e-01 
0.90450 	 3.722e-02 	 6.640e-02 	 2.550e-01 
0.90750 	 3.704e-02 	 6.717e-02 	 2.597e-01 
0.91050 	 4.156e-02 	 6.363e-02 	 2.623e-01 
0.91350 	 3.983e-02 	 6.168e-02 	 2.690e-01 
0.91650 	 3.723e-02 	 6.101e-02 	 2.657e-01 
0.91950 	 3.922e-02 	 6.358e-02 	 2.620e-01 
0.92250 	 3.740e-02 	 6.274e-02 	 2.573e-01 
0.92550 	 3.571e-02 	 6.219e-02 	 2.530e-01 
0.92850 	 3.468e-02 	 5.925e-02 	 2.630e-01 
0.93150 	 3.473e-02 	 6.060e-02 	 2.347e-01 
0.93450 	 3.803e-02 	 6.551e-02 	 2.443e-01 
0.93750 	 3.588e-02 	 6.361e-02 	 2.427e-01 
0.94050 	 3.590e-02 	 5.754e-02 	 2.383e-01 
0.94350 	 3.314e-02 	 5.893e-02 	 2.210e-01 
0.94650 	 3.396e-02 	 5.740e-02 	 2.383e-01 
0.94950 	 3.716e-02 	 5.839e-02 	 2.333e-01 
0.95250 	 3.418e-02 	 5.993e-02 	 2.507e-01 
0.95550 	 3.333e-02 	 5.985e-02 	 2.140e-01 
0.95850 	 3.378e-02 	 5.922e-02 	 2.333e-01 
0.96150 	 3.389e-02 	 5.617e-02 	 2.427e-01 
0.96450 	 3.407e-02 	 5.808e-02 	 2.220e-01 
0.96750 	 3.245e-02 	 5.955e-02 	 2.337e-01 
0.97050 	 3.182e-02 	 5.647e-02 	 2.400e-01 
0.97350 	 3.034e-02 	 5.651e-02 	 2.257e-01 
0.97650 	 3.079e-02 	 5.672e-02 	 2.370e-01 
0.97950 	 3.320e-02 	 5.335e-02 	 2.413e-01 
0.98250 	 3.218e-02 	 5.670e-02 	 2.187e-01 
0.98550 	 3.045e-02 	 5.405e-02 	 2.287e-01 
0.98850 	 2.992e-02 	 5.313e-02 	 2.330e-01 
0.99150 	 3.044e-02 	 5.645e-02 	 2.240e-01 
0.99450 	 2.931e-02 	 5.228e-02 	 2.230e-01 
0.99750 	 2.855e-02 	 5.345e-02 	 2.010e-01 
1.00050 	 3.002e-02 	 4.857e-02 	 2.283e-01 
1.00350 	 2.832e-02 	 5.403e-02 	 2.117e-01 
1.00650 	 2.849e-02 	 5.197e-02 	 2.190e-01 
1.00950 	 2.848e-02 	 5.029e-02 	 2.093e-01 
1.01250 	 2.893e-02 	 5.072e-02 	 2.343e-01 
1.01550 	 2.703e-02 	 5.214e-02 	 2.193e-01 
1.01850 	 2.751e-02 	 4.959e-02 	 2.147e-01 
1.02150 	 2.728e-02 	 5.064e-02 	 2.073e-01 
1.02450 	 2.863e-02 	 5.183e-02 	 2.203e-01 
1.02750 	 2.628e-02 	 5.199e-02 	 2.033e-01 
1.03050 	 2.733e-02 	 5.174e-02 	 2.107e-01 
1.03350 	 2.657e-02 	 4.851e-02 	 1.967e-01 
1.03650 	 2.575e-02 	 4.786e-02 	 2.097e-01 
1.03950 	 2.582e-02 	 4.787e-02 	 2.077e-01 
1.04250 	 2.709e-02 	 4.717e-02 	 1.950e-01 
1.04550 	 2.628e-02 	 4.516e-02 	 2.157e-01 
1.04850 	 2.591e-02 	 4.539e-02 	 2.103e-01 
1.05150 	 2.473e-02 	 4.697e-02 	 1.963e-01 
1.05450 	 2.457e-02 	 4.352e-02 	 1.970e-01 
1.05750 	 2.419e-02 	 4.455e-02 	 2.053e-01 
1.06050 	 2.476e-02 	 4.577e-02 	 1.950e-01 
1.06350 	 2.423e-02 	 4.430e-02 	 2.040e-01 
1.06650 	 2.404e-02 	 4.586e-02 	 2.017e-01 
1.06950 	 2.352e-02 	 5.099e-02 	 1.853e-01 
1.07250 	 2.428e-02 	 4.289e-02 	 2.157e-01 
1.07550 	 2.442e-02 	 4.464e-02 	 2.050e-01 
1.07850 	 2.369e-02 	 4.462e-02 	 1.943e-01 
1.08150 	 2.420e-02 	 4.116e-02 	 2.100e-01 
1.08450 	 2.091e-02 	 4.085e-02 	 2.100e-01 
1.08750 	 2.254e-02 	 4.356e-02 	 1.890e-01 
1.09050 	 2.233e-02 	 4.228e-02 	 1.770e-01 
1.09350 	 2.280e-02 	 4.153e-02 	 1.817e-01 
1.09650 	 2.118e-02 	 3.953e-02 	 2.053e-01 
1.09950 	 2.192e-02 	 4.217e-02 	 1.813e-01 
1.10250 	 2.256e-02 	 4.105e-02 	 1.810e-01 
1.10550 	 2.147e-02 	 4.031e-02 	 1.783e-01 
1.10850 	 2.055e-02 	 4.216e-02 	 1.883e-01 
1.11150 	 2.199e-02 	 3.737e-02 	 1.717e-01 
1.11450 	 2.159e-02 	 3.960e-02 	 1.817e-01 
1.11750 	 1.950e-02 	 4.002e-02 	 1.857e-01 
1.12050 	 2.155e-02 	 3.873e-02 	 1.877e-01 
1.12350 	 1.990e-02 	 3.905e-02 	 1.847e-01 
1.12650 	 1.963e-02 	 3.975e-02 	 1.713e-01 
1.12950 	 2.025e-02 	 3.941e-02 	 1.767e-01 
1.13250 	 1.936e-02 	 3.940e-02 	 1.733e-01 
1.13550 	 2.045e-02 	 3.915e-02 	 1.823e-01 
1.13850 	 1.934e-02 	 3.891e-02 	 1.687e-01 
1.14150 	 1.926e-02 	 3.685e-02 	 1.743e-01 
1.14450 	 1.991e-02 	 3.903e-02 	 1.710e-01 
1.14750 	 1.914e-02 	 4.045e-02 	 1.783e-01 
1.15050 	 1.948e-02 	 3.717e-02 	 1.723e-01 
1.15350 	 1.754e-02 	 3.643e-02 	 1.757e-01 
1.15650 	 1.717e-02 	 3.693e-02 	 1.720e-01 
1.15950 	 1.868e-02 	 3.528e-02 	 1.927e-01 
1.16250 	 1.743e-02 	 3.482e-02 	 1.587e-01 
1.16550 	 1.800e-02 	 3.605e-02 	 1.767e-01 
1.16850 	 1.832e-02 	 3.687e-02 	 1.760e-01 
1.17150 	 1.807e-02 	 3.582e-02 	 1.753e-01 
1.17450 	 1.890e-02 	 3.410e-02 	 1.737e-01 
1.17750 	 1.777e-02 	 3.411e-02 	 1.630e-01 
1.18050 	 1.795e-02 	 3.681e-02 	 1.590e-01 
1.18350 	 1.799e-02 	 3.653e-02 	 1.537e-01 
1.18650 	 1.758e-02 	 3.778e-02 	 1.760e-01 
1.18950 	 1.725e-02 	 3.474e-02 	 1.703e-01 
1.19250 	 1.671e-02 	 3.248e-02 	 1.537e-01 
1.19550 	 1.730e-02 	 3.390e-02 	 1.697e-01 
1.19850 	 1.677e-02 	 3.395e-02 	 1.600e-01 
1.20150 	 1.602e-02 	 3.290e-02 	 1.560e-01 
1.20450 	 1.764e-02 	 3.330e-02 	 1.510e-01 
1.20750 	 1.696e-02 	 3.335e-02 	 1.457e-01 
1.21050 	 1.615e-02 	 3.226e-02 	 1.713e-01 
1.21350 	 1.675e-02 	 3.327e-02 	 1.603e-01 
1.21650 	 1.595e-02 	 3.170e-02 	 1.540e-01 
1.21950 	 1.641e-02 	 3.167e-02 	 1.573e-01 
1.22250 	 1.564e-02 	 3.302e-02 	 1.430e-01 
1.22550 	 1.602e-02 	 3.117e-02 	 1.550e-01 
1.22850 	 1.564e-02 	 3.010e-02 	 1.450e-01 
1.23150 	 1.550e-02 	 3.196e-02 	 1.403e-01 
1.23450 	 1.429e-02 	 3.163e-02 	 1.497e-01 
1.23750 	 1.426e-02 	 3.245e-02 	 1.300e-01 
1.24050 	 1.472e-02 	 3.340e-02 	 1.393e-01 
1.24350 	 1.450e-02 	 3.008e-02 	 1.570e-01 
1.24650 	 1.422e-02 	 3.035e-02 	 1.417e-01 
1.24950 	 1.453e-02 	 3.172e-02 	 1.447e-01 
1.25250 	 1.387e-02 	 3.194e-02 	 1.300e-01 
1.25550 	 1.430e-02 	 2.949e-02 	 1.400e-01 
1.25850 	 1.447e-02 	 3.044e-02 	 1.410e-01 
1.26150 	 1.365e-02 	 3.137e-02 	 1.443e-01 
1.26450 	 1.505e-02 	 2.920e-02 	 1.513e-01 
1.26750 	 1.413e-02 	 2.938e-02 	 1.370e-01 
1.27050 	 1.408e-02 	 2.919e-02 	 1.423e-01 
1.27350 	 1.405e-02 	 2.949e-02 	 1.457e-01 
1.27650 	 1.387e-02 	 3.030e-02 	 1.527e-01 
1.27950 	 1.358e-02 	 2.790e-02 	 1.490e-01 
1.28250 	 1.355e-02 	 3.032e-02 	 1.480e-01 
1.28550 	 1.352e-02 	 2.819e-02 	 1.300e-01 
1.28850 	 1.310e-02 	 2.874e-02 	 1.370e-01 
1.29150 	 1.318e-02 	 2.888e-02 	 1.383e-01 
1.29450 	 1.325e-02 	 2.635e-02 	 1.370e-01 
1.29750 	 1.254e-02 	 2.821e-02 	 1.283e-01 
1.30050 	 1.324e-02 	 2.749e-02 	 1.377e-01 
1.30350 	 1.282e-02 	 2.576e-02 	 1.227e-01 
1.30650 	 1.260e-02 	 2.846e-02 	 1.323e-01 
1.30950 	 1.281e-02 	 2.783e-02 	 1.410e-01 
1.31250 	 1.244e-02 	 2.708e-02 	 1.387e-01 
1.31550 	 1.314e-02 	 2.718e-02 	 1.247e-01 
1.31850 	 1.233e-02 	 2.728e-02 	 1.380e-01 
1.32150 	 1.223e-02 	 2.441e-02 	 1.343e-01 
1.32450 	 1.161e-02 	 2.716e-02 	 1.337e-01 
1.32750 	 1.209e-02 	 2.502e-02 	 1.200e-01 
1.33050 	 1.173e-02 	 2.763e-02 	 1.300e-01 
1.33350 	 1.180e-02 	 2.387e-02 	 1.210e-01 
1.33650 	 1.136e-02 	 2.592e-02 	 1.197e-01 
1.33950 	 1.165e-02 	 2.559e-02 	 1.223e-01 
1.34250 	 1.216e-02 	 2.478e-02 	 1.207e-01 
1.34550 	 1.166e-02 	 2.314e-02 	 1.230e-01 
1.34850 	 1.183e-02 	 2.545e-02 	 1.393e-01 
1.35150 	 1.115e-02 	 2.414e-02 	 1.300e-01 
1.35450 	 1.157e-02 	 2.479e-02 	 1.283e-01 
1.35750 	 1.103e-02 	 2.396e-02 	 1.253e-01 
1.36050 	 1.052e-02 	 2.437e-02 	 1.327e-01 
1.36350 	 1.089e-02 	 2.576e-02 	 1.247e-01 
1.36650 	 1.105e-02 	 2.442e-02 	 1.343e-01 
1.36950 	 1.062e-02 	 2.406e-02 	 1.287e-01 
1.37250 	 1.115e-02 	 2.516e-02 	 1.140e-01 
1.37550 	 1.089e-02 	 2.391e-02 	 1.140e-01 
1.37850 	 1.016e-02 	 2.425e-02 	 1.220e-01 
1.38150 	 1.120e-02 	 2.316e-02 	 1.203e-01 
1.38450 	 1.042e-02 	 2.265e-02 	 1.253e-01 
1.38750 	 1.060e-02 	 2.248e-02 	 1.197e-01 
1.39050 	 1.000e-02 	 2.262e-02 	 1.157e-01 
1.39350 	 9.876e-03 	 2.261e-02 	 1.183e-01 
1.39650 	 1.036e-02 	 2.222e-02 	 1.120e-01 
1.39950 	 1.027e-02 	 2.165e-02 	 1.110e-01 
1.40250 	 9.602e-03 	 2.073e-02 	 1.110e-01 
1.40550 	 9.990e-03 	 2.355e-02 	 1.230e-01 
1.40850 	 9.052e-03 	 2.264e-02 	 1.247e-01 
1.41150 	 9.639e-03 	 2.281e-02 	 1.183e-01 
1.41450 	 9.943e-03 	 2.337e-02 	 1.070e-01 
1.41750 	 9.307e-03 	 2.070e-02 	 1.077e-01 
1.42050 	 9.807e-03 	 2.091e-02 	 1.127e-01 
1.42350 	 9.373e-03 	 2.057e-02 	 1.170e-01 
1.42650 	 9.438e-03 	 2.135e-02 	 1.117e-01 
1.42950 	 9.398e-03 	 2.141e-02 	 1.150e-01 
1.43250 	 9.010e-03 	 2.085e-02 	 1.097e-01 
1.43550 	 9.436e-03 	 2.121e-02 	 1.153e-01 
1.43850 	 9.050e-03 	 1.973e-02 	 1.047e-01 
1.44150 	 8.706e-03 	 2.098e-02 	 1.063e-01 
1.44450 	 8.581e-03 	 2.049e-02 	 1.110e-01 
1.44750 	 9.027e-03 	 2.162e-02 	 1.160e-01 
1.45050 	 8.573e-03 	 2.114e-02 	 1.120e-01 
1.45350 	 9.040e-03 	 2.040e-02 	 9.833e-02 
1.45650 	 8.190e-03 	 2.138e-02 	 1.203e-01 
1.45950 	 8.281e-03 	 2.061e-02 	 9.767e-02 
1.46250 	 8.396e-03 	 1.955e-02 	 1.030e-01 
1.46550 	 8.559e-03 	 2.078e-02 	 1.157e-01 
1.46850 	 8.893e-03 	 2.016e-02 	 1.110e-01 
1.47150 	 8.061e-03 	 1.882e-02 	 1.057e-01 
1.47450 	 8.040e-03 	 2.144e-02 	 1.060e-01 
1.47750 	 8.773e-03 	 1.871e-02 	 1.103e-01 
1.48050 	 8.435e-03 	 2.010e-02 	 1.033e-01 
1.48350 	 8.461e-03 	 1.913e-02 	 1.060e-01 
1.48650 	 7.923e-03 	 1.834e-02 	 1.017e-01 
1.48950 	 8.142e-03 	 1.863e-02 	 1.020e-01 
1.49250 	 8.097e-03 	 1.941e-02 	 9.300e-02 
1.49550 	 7.863e-03 	 1.869e-02 	 1.053e-01 
1.49850 	 7.655e-03 	 1.898e-02 	 1.027e-01 
1.50150 	 7.518e-03 	 1.943e-02 	 1.050e-01 
1.50450 	 7.723e-03 	 1.883e-02 	 9.433e-02 
1.50750 	 7.389e-03 	 1.904e-02 	 1.110e-01 
1.51050 	 7.882e-03 	 1.886e-02 	 9.867e-02 
1.51350 	 7.620e-03 	 1.875e-02 	 1.000e-01 
1.51650 	 7.601e-03 	 1.854e-02 	 9.467e-02 
1.51950 	 7.318e-03 	 1.948e-02 	 9.133e-02 
1.52250 	 7.038e-03 	 1.808e-02 	 9.467e-02 
1.52550 	 7.432e-03 	 1.739e-02 	 1.090e-01 
1.52850 	 7.369e-03 	 1.895e-02 	 9.500e-02 
1.53150 	 6.989e-03 	 1.784e-02 	 1.040e-01 
1.53450 	 7.074e-03 	 1.863e-02 	 9.500e-02 
1.53750 	 7.485e-03 	 1.725e-02 	 9.467e-02 
1.54050 	 7.064e-03 	 1.712e-02 	 9.267e-02 
1.54350 	 6.736e-03 	 1.694e-02 	 8.567e-02 
1.54650 	 6.943e-03 	 1.739e-02 	 9.100e-02 
1.54950 	 6.949e-03 	 1.777e-02 	 8.633e-02 
1.55250 	 7.539e-03 	 1.627e-02 	 9.133e-02 
1.55550 	 7.257e-03 	 1.828e-02 	 9.433e-02 
1.55850 	 6.585e-03 	 1.739e-02 	 9.167e-02 
1.56150 	 7.387e-03 	 1.818e-02 	 1.000e-01 
1.56450 	 6.752e-03 	 1.719e-02 	 9.233e-02 
1.56750 	 7.212e-03 	 1.560e-02 	 9.333e-02 
1.57050 	 6.775e-03 	 1.740e-02 	 9.367e-02 
1.57350 	 6.760e-03 	 1.713e-02 	 8.400e-02 
1.57650 	 6.169e-03 	 1.672e-02 	 8.967e-02 
1.57950 	 6.528e-03 	 1.518e-02 	 1.010e-01 
1.58250 	 6.673e-03 	 1.586e-02 	 8.300e-02 
1.58550 	 6.658e-03 	 1.556e-02 	 9.433e-02 
1.58850 	 6.686e-03 	 1.616e-02 	 9.900e-02 
1.59150 	 6.231e-03 	 1.513e-02 	 7.800e-02 
1.59450 	 5.968e-03 	 1.577e-02 	 8.200e-02 
1.59750 	 6.351e-03 	 1.461e-02 	 8.233e-02 
1.60050 	 6.834e-03 	 1.518e-02 	 8.567e-02 
1.60350 	 6.211e-03 	 1.466e-02 	 7.933e-02 
1.60650 	 6.352e-03 	 1.536e-02 	 8.300e-02 
1.60950 	 5.960e-03 	 1.562e-02 	 8.967e-02 
1.61250 	 6.019e-03 	 1.632e-02 	 8.567e-02 
1.61550 	 6.027e-03 	 1.524e-02 	 8.100e-02 
1.61850 	 6.197e-03 	 1.655e-02 	 8.233e-02 
1.62150 	 6.053e-03 	 1.541e-02 	 7.933e-02 
1.62450 	 6.282e-03 	 1.470e-02 	 8.667e-02 
1.62750 	 6.319e-03 	 1.490e-02 	 8.767e-02 
1.63050 	 6.106e-03 	 1.617e-02 	 8.967e-02 
1.63350 	 5.577e-03 	 1.455e-02 	 7.667e-02 
1.63650 	 5.566e-03 	 1.478e-02 	 8.533e-02 
1.63950 	 6.266e-03 	 1.479e-02 	 7.400e-02 
1.64250 	 5.742e-03 	 1.382e-02 	 9.033e-02 
1.64550 	 5.623e-03 	 1.496e-02 	 7.500e-02 
1.64850 	 5.573e-03 	 1.464e-02 	 7.900e-02 
1.65150 	 4.853e-03 	 1.333e-02 	 7.767e-02 
1.65450 	 5.494e-03 	 1.472e-02 	 8.067e-02 
1.65750 	 5.639e-03 	 1.536e-02 	 7.000e-02 
1.66050 	 5.638e-03 	 1.364e-02 	 8.100e-02 
1.66350 	 5.301e-03 	 1.416e-02 	 7.733e-02 
1.66650 	 5.568e-03 	 1.327e-02 	 7.967e-02 
1.66950 	 5.282e-03 	 1.379e-02 	 7.267e-02 
1.67250 	 5.424e-03 	 1.443e-02 	 7.500e-02 
1.67550 	 5.367e-03 	 1.447e-02 	 7.733e-02 
1.67850 	 5.762e-03 	 1.305e-02 	 8.300e-02 
1.68150 	 4.888e-03 	 1.275e-02 	 7.567e-02 
1.68450 	 5.375e-03 	 1.351e-02 	 7.833e-02 
1.68750 	 4.890e-03 	 1.157e-02 	 8.133e-02 
1.69050 	 5.059e-03 	 1.271e-02 	 7.733e-02 
1.69350 	 4.911e-03 	 1.259e-02 	 7.033e-02 
1.69650 	 4.737e-03 	 1.345e-02 	 7.300e-02 
1.69950 	 5.060e-03 	 1.336e-02 	 7.367e-02 
1.70250 	 5.052e-03 	 1.387e-02 	 6.933e-02 
1.70550 	 4.624e-03 	 1.390e-02 	 5.600e-02 
1.70850 	 4.789e-03 	 1.223e-02 	 6.600e-02 
1.71150 	 5.270e-03 	 1.206e-02 	 6.167e-02 
1.71450 	 4.729e-03 	 1.290e-02 	 7.133e-02 
1.71750 	 4.937e-03 	 1.350e-02 	 7.300e-02 
1.72050 	 4.758e-03 	 1.203e-02 	 7.467e-02 
1.72350 	 4.938e-03 	 1.213e-02 	 7.900e-02 
1.72650 	 4.636e-03 	 1.254e-02 	 6.867e-02 
1.72950 	 4.922e-03 	 1.242e-02 	 6.300e-02 
1.73250 	 4.781e-03 	 1.301e-02 	 7.033e-02 
1.73550 	 4.923e-03 	 1.204e-02 	 7.800e-02 
1.73850 	 4.064e-03 	 1.166e-02 	 7.400e-02 
1.74150 	 4.994e-03 	 1.252e-02 	 6.033e-02 
1.74450 	 4.445e-03 	 1.213e-02 	 6.667e-02 
1.74750 	 4.717e-03 	 1.202e-02 	 7.200e-02 
1.75050 	 4.527e-03 	 1.200e-02 	 7.167e-02 
1.75350 	 4.313e-03 	 1.337e-02 	 7.900e-02 
1.75650 	 4.462e-03 	 1.223e-02 	 7.067e-02 
1.75950 	 4.490e-03 	 1.209e-02 	 6.967e-02 
1.76250 	 4.210e-03 	 1.183e-02 	 7.333e-02 
1.76550 	 4.451e-03 	 1.172e-02 	 6.833e-02 
1.76850 	 4.393e-03 	 1.194e-02 	 6.867e-02 
1.77150 	 3.998e-03 	 1.114e-02 	 6.667e-02 
1.77450 	 4.246e-03 	 1.130e-02 	 7.100e-02 
1.77750 	 4.131e-03 	 1.104e-02 	 5.800e-02 
1.78050 	 4.100e-03 	 1.159e-02 	 6.600e-02 
1.78350 	 4.420e-03 	 1.062e-02 	 7.233e-02 
1.78650 	 3.840e-03 	 1.060e-02 	 7.567e-02 
1.78950 	 4.133e-03 	 1.112e-02 	 6.300e-02 
1.79250 	 3.897e-03 	 1.098e-02 	 5.633e-02 
1.79550 	 3.941e-03 	 1.120e-02 	 6.400e-02 
1.79850 	 4.076e-03 	 1.050e-02 	 6.933e-02 
1.80150 	 3.743e-03 	 1.095e-02 	 5.933e-02 
1.80450 	 3.959e-03 	 1.167e-02 	 5.967e-02 
1.80750 	 4.352e-03 	 1.036e-02 	 6.133e-02 
1.81050 	 4.046e-03 	 1.067e-02 	 6.500e-02 
1.81350 	 4.121e-03 	 1.129e-02 	 5.733e-02 
1.81650 	 3.963e-03 	 1.078e-02 	 7.200e-02 
1.81950 	 4.191e-03 	 9.476e-03 	 6.067e-02 
1.82250 	 4.033e-03 	 1.028e-02 	 6.400e-02 
1.82550 	 4.036e-03 	 1.011e-02 	 6.333e-02 
1.82850 	 3.824e-03 	 1.039e-02 	 6.100e-02 
1.83150 	 3.677e-03 	 1.069e-02 	 5.767e-02 
1.83450 	 3.831e-03 	 1.035e-02 	 6.467e-02 
1.83750 	 3.999e-03 	 9.441e-03 	 6.867e-02 
1.84050 	 3.720e-03 	 1.049e-02 	 5.800e-02 
1.84350 	 3.723e-03 	 1.048e-02 	 6.833e-02 
1.84650 	 3.758e-03 	 1.040e-02 	 6.300e-02 
1.84950 	 3.738e-03 	 9.896e-03 	 6.467e-02 
1.85250 	 3.726e-03 	 1.017e-02 	 6.300e-02 
1.85550 	 3.675e-03 	 1.044e-02 	 6.300e-02 
1.85850 	 3.448e-03 	 9.020e-03 	 6.533e-02 
1.86150 	 3.621e-03 	 9.775e-03 	 5.733e-02 
1.86450 	 3.731e-03 	 9.418e-03 	 6.567e-02 
1.86750 	 3.423e-03 	 9.403e-03 	 6.800e-02 
1.87050 	 3.548e-03 	 8.650e-03 	 5.933e-02 
1.87350 	 3.612e-03 	 1.051e-02 	 4.567e-02 
1.87650 	 3.337e-03 	 9.414e-03 	 6.033e-02 
1.87950 	 3.552e-03 	 9.569e-03 	 5.667e-02 
1.88250 	 3.346e-03 	 9.638e-03 	 5.533e-02 
1.88550 	 3.268e-03 	 9.426e-03 	 4.800e-02 
1.88850 	 3.466e-03 	 9.832e-03 	 5.000e-02 
1.89150 	 3.633e-03 	 1.021e-02 	 6.167e-02 
1.89450 	 3.274e-03 	 9.409e-03 	 6.000e-02 
1.89750 	 3.242e-03 	 9.869e-03 	 5.600e-02 
1.90050 	 3.121e-03 	 8.291e-03 	 4.700e-02 
1.90350 	 3.141e-03 	 8.946e-03 	 5.200e-02 
1.90650 	 3.248e-03 	 8.682e-03 	 5.700e-02 
1.90950 	 3.194e-03 	 9.196e-03 	 5.733e-02 
1.91250 	 2.973e-03 	 8.960e-03 	 5.600e-02 
1.91550 	 3.369e-03 	 9.001e-03 	 6.100e-02 
1.91850 	 3.157e-03 	 8.655e-03 	 5.533e-02 
1.92150 	 3.434e-03 	 8.504e-03 	 5.567e-02 
1.92450 	 3.194e-03 	 7.829e-03 	 5.600e-02 
1.92750 	 3.056e-03 	 8.945e-03 	 5.100e-02 
1.93050 	 3.025e-03 	 8.244e-03 	 5.233e-02 
1.93350 	 3.030e-03 	 8.259e-03 	 5.833e-02 
1.93650 	 3.070e-03 	 8.219e-03 	 5.300e-02 
1.93950 	 2.849e-03 	 7.413e-03 	 5.067e-02 
1.94250 	 3.016e-03 	 8.139e-03 	 5.033e-02 
1.94550 	 2.831e-03 	 9.217e-03 	 5.267e-02 
1.94850 	 2.927e-03 	 7.596e-03 	 4.800e-02 
1.95150 	 3.134e-03 	 8.781e-03 	 5.500e-02 
1.95450 	 3.000e-03 	 8.224e-03 	 5.633e-02 
1.95750 	 2.880e-03 	 8.266e-03 	 5.400e-02 
1.96050 	 2.974e-03 	 7.739e-03 	 5.733e-02 
1.96350 	 2.938e-03 	 8.025e-03 	 4.567e-02 
1.96650 	 3.087e-03 	 8.390e-03 	 4.900e-02 
1.96950 	 2.742e-03 	 8.108e-03 	 5.033e-02 
1.97250 	 2.816e-03 	 9.010e-03 	 5.000e-02 
1.97550 	 2.692e-03 	 6.929e-03 	 3.967e-02 
1.97850 	 2.677e-03 	 7.991e-03 	 5.067e-02 
1.98150 	 2.946e-03 	 7.523e-03 	 5.033e-02 
1.98450 	 2.721e-03 	 8.448e-03 	 4.967e-02 
1.98750 	 2.867e-03 	 7.928e-03 	 5.700e-02 
1.99050 	 2.812e-03 	 7.809e-03 	 4.933e-02 
1.99350 	 2.743e-03 	 7.851e-03 	 5.367e-02 
1.99650 	 2.775e-03 	 7.600e-03 	 4.967e-02 
1.99950 	 2.807e-03 	 8.331e-03 	 5.200e-02 
2.00250 	 2.500e-03 	 7.471e-03 	 4.233e-02 
2.00550 	 2.486e-03 	 8.068e-03 	 5.067e-02 
2.00850 	 2.814e-03 	 7.528e-03 	 4.367e-02 
2.01150 	 2.603e-03 	 8.308e-03 	 4.967e-02 
2.01450 	 2.601e-03 	 7.189e-03 	 4.767e-02 
2.01750 	 2.933e-03 	 8.046e-03 	 4.533e-02 
2.02050 	 2.573e-03 	 7.982e-03 	 5.000e-02 
2.02350 	 2.689e-03 	 8.049e-03 	 4.333e-02 
2.02650 	 2.480e-03 	 7.330e-03 	 4.467e-02 
2.02950 	 2.505e-03 	 6.953e-03 	 4.667e-02 
2.03250 	 2.562e-03 	 8.144e-03 	 4.033e-02 
2.03550 	 2.644e-03 	 8.054e-03 	 4.200e-02 
2.03850 	 2.694e-03 	 7.131e-03 	 4.033e-02 
2.04150 	 2.489e-03 	 6.705e-03 	 4.833e-02 
2.04450 	 2.526e-03 	 7.629e-03 	 3.800e-02 
2.04750 	 2.322e-03 	 8.032e-03 	 5.333e-02 
2.05050 	 2.542e-03 	 7.037e-03 	 4.100e-02 
2.05350 	 2.309e-03 	 6.562e-03 	 4.233e-02 
2.05650 	 2.396e-03 	 6.810e-03 	 4.767e-02 
2.05950 	 2.583e-03 	 6.852e-03 	 4.733e-02 
2.06250 	 2.182e-03 	 6.482e-03 	 4.467e-02 
2.06550 	 2.437e-03 	 6.550e-03 	 4.033e-02 
2.06850 	 2.244e-03 	 7.027e-03 	 4.367e-02 
2.07150 	 2.448e-03 	 5.762e-03 	 4.400e-02 
2.07450 	 2.484e-03 	 7.672e-03 	 5.300e-02 
2.07750 	 2.342e-03 	 6.716e-03 	 4.600e-02 
2.08050 	 2.506e-03 	 6.732e-03 	 4.500e-02 
2.08350 	 2.273e-03 	 7.257e-03 	 4.233e-02 
2.08650 	 2.334e-03 	 6.407e-03 	 4.333e-02 
2.08950 	 2.321e-03 	 6.094e-03 	 4.000e-02 
2.09250 	 2.387e-03 	 6.617e-03 	 3.700e-02 
2.09550 	 2.163e-03 	 6.481e-03 	 4.567e-02 
2.09850 	 2.590e-03 	 7.028e-03 	 4.067e-02 
2.10150 	 2.366e-03 	 6.589e-03 	 4.233e-02 
2.10450 	 2.180e-03 	 7.210e-03 	 4.067e-02 
2.10750 	 2.114e-03 	 6.344e-03 	 4.500e-02 
2.11050 	 2.156e-03 	 7.265e-03 	 4.900e-02 
2.11350 	 2.078e-03 	 6.250e-03 	 4.467e-02 
2.11650 	 2.280e-03 	 6.542e-03 	 4.133e-02 
2.11950 	 2.262e-03 	 6.908e-03 	 4.233e-02 
2.12250 	 2.237e-03 	 6.099e-03 	 3.967e-02 
2.12550 	 2.014e-03 	 6.514e-03 	 3.900e-02 
2.12850 	 2.026e-03 	 7.178e-03 	 3.733e-02 
2.13150 	 2.248e-03 	 5.824e-03 	 4.167e-02 
2.13450 	 1.945e-03 	 7.034e-03 	 3.400e-02 
2.13750 	 2.032e-03 	 5.981e-03 	 4.133e-02 
2.14050 	 2.252e-03 	 6.320e-03 	 3.800e-02 
2.14350 	 2.038e-03 	 5.965e-03 	 4.133e-02 
2.14650 	 1.980e-03 	 6.278e-03 	 4.233e-02 
2.14950 	 1.998e-03 	 5.405e-03 	 4.233e-02 
2.15250 	 1.912e-03 	 6.383e-03 	 4.200e-02 
2.15550 	 1.981e-03 	 5.907e-03 	 4.667e-02 
2.15850 	 1.810e-03 	 5.751e-03 	 4.200e-02 
2.16150 	 2.174e-03 	 5.719e-03 	 3.867e-02 
2.16450 	 2.004e-03 	 6.348e-03 	 3.033e-02 
2.16750 	 1.790e-03 	 5.850e-03 	 3.800e-02 
2.17050 	 1.841e-03 	 5.280e-03 	 3.600e-02 
2.17350 	 1.999e-03 	 5.638e-03 	 3.767e-02 
2.17650 	 1.977e-03 	 5.874e-03 	 3.800e-02 
2.17950 	 1.938e-03 	 5.160e-03 	 4.100e-02 
2.18250 	 1.832e-03 	 5.615e-03 	 3.367e-02 
2.18550 	 1.849e-03 	 5.365e-03 	 3.567e-02 
2.18850 	 1.977e-03 	 6.351e-03 	 3.867e-02 
2.19150 	 1.839e-03 	 6.173e-03 	 3.900e-02 
2.19450 	 1.933e-03 	 5.488e-03 	 3.667e-02 
2.19750 	 1.961e-03 	 5.697e-03 	 3.033e-02 
2.20050 	 1.835e-03 	 4.846e-03 	 3.700e-02 
2.20350 	 1.868e-03 	 5.152e-03 	 3.467e-02 
2.20650 	 1.814e-03 	 5.770e-03 	 3.133e-02 
2.20950 	 1.929e-03 	 5.859e-03 	 3.300e-02 
2.21250 	 1.821e-03 	 5.155e-03 	 3.900e-02 
2.21550 	 1.778e-03 	 5.531e-03 	 3.633e-02 
2.21850 	 1.665e-03 	 4.185e-03 	 4.467e-02 
2.22150 	 1.731e-03 	 5.517e-03 	 3.967e-02 
2.22450 	 1.865e-03 	 4.603e-03 	 3.467e-02 
2.22750 	 1.743e-03 	 5.121e-03 	 3.867e-02 
2.23050 	 1.829e-03 	 5.708e-03 	 3.433e-02 
2.23350 	 1.765e-03 	 5.891e-03 	 3.900e-02 
2.23650 	 1.766e-03 	 4.839e-03 	 3.733e-02 
2.23950 	 1.772e-03 	 6.041e-03 	 3.867e-02 
2.24250 	 1.815e-03 	 5.630e-03 	 3.233e-02 
2.24550 	 1.484e-03 	 4.442e-03 	 3.733e-02 
2.24850 	 1.605e-03 	 5.144e-03 	 3.433e-02 
2.25150 	 1.486e-03 	 4.665e-03 	 3.333e-02 
2.25450 	 1.686e-03 	 5.389e-03 	 2.800e-02 
2.25750 	 1.692e-03 	 5.288e-03 	 3.733e-02 
2.26050 	 1.557e-03 	 4.905e-03 	 3.733e-02 
2.26350 	 1.610e-03 	 5.672e-03 	 3.500e-02 
2.26650 	 1.735e-03 	 5.501e-03 	 3.767e-02 
2.26950 	 1.545e-03 	 4.886e-03 	 3.500e-02 
2.27250 	 1.680e-03 	 5.183e-03 	 3.633e-02 
2.27550 	 1.588e-03 	 4.616e-03 	 3.067e-02 
2.27850 	 1.681e-03 	 5.122e-03 	 3.233e-02 
2.28150 	 1.615e-03 	 4.720e-03 	 3.700e-02 
2.28450 	 1.611e-03 	 4.900e-03 	 3.000e-02 
2.28750 	 1.592e-03 	 4.638e-03 	 3.600e-02 
2.29050 	 1.608e-03 	 4.540e-03 	 2.700e-02 
2.29350 	 1.528e-03 	 4.950e-03 	 3.133e-02 
2.29650 	 1.589e-03 	 5.105e-03 	 2.767e-02 
2.29950 	 1.605e-03 	 4.545e-03 	 3.667e-02 
2.30250 	 1.396e-03 	 4.240e-03 	 3.333e-02 
2.30550 	 1.372e-03 	 4.487e-03 	 3.200e-02 
2.30850 	 1.513e-03 	 4.757e-03 	 3.033e-02 
2.31150 	 1.499e-03 	 4.843e-03 	 3.300e-02 
2.31450 	 1.297e-03 	 4.126e-03 	 3.367e-02 
2.31750 	 1.408e-03 	 4.464e-03 	 2.733e-02 
2.32050 	 1.419e-03 	 4.298e-03 	 3.333e-02 
2.32350 	 1.543e-03 	 5.160e-03 	 2.533e-02 
2.32650 	 1.436e-03 	 4.310e-03 	 3.100e-02 
2.32950 	 1.427e-03 	 4.486e-03 	 3.133e-02 
2.33250 	 1.424e-03 	 4.435e-03 	 3.300e-02 
2.33550 	 1.439e-03 	 4.339e-03 	 2.933e-02 
2.33850 	 1.460e-03 	 4.991e-03 	 3.600e-02 
2.34150 	 1.548e-03 	 4.803e-03 	 2.767e-02 
2.34450 	 1.438e-03 	 4.707e-03 	 3.233e-02 
2.34750 	 1.444e-03 	 4.271e-03 	 3.033e-02 
2.35050 	 1.263e-03 	 3.747e-03 	 3.267e-02 
2.35350 	 1.274e-03 	 4.328e-03 	 3.200e-02 
2.35650 	 1.390e-03 	 4.232e-03 	 2.300e-02 
2.35950 	 1.453e-03 	 3.620e-03 	 2.867e-02 
2.36250 	 1.507e-03 	 3.952e-03 	 3.067e-02 
2.36550 	 1.323e-03 	 4.284e-03 	 3.100e-02 
2.36850 	 1.357e-03 	 4.390e-03 	 3.067e-02 
2.37150 	 1.273e-03 	 3.669e-03 	 3.033e-02 
2.37450 	 1.294e-03 	 3.932e-03 	 3.000e-02 
2.37750 	 1.305e-03 	 3.972e-03 	 2.967e-02 
2.38050 	 1.301e-03 	 4.323e-03 	 2.933e-02 
2.38350 	 1.340e-03 	 4.363e-03 	 3.267e-02 
2.38650 	 1.262e-03 	 4.135e-03 	 2.667e-02 
2.38950 	 1.222e-03 	 3.952e-03 	 3.000e-02 
2.39250 	 1.335e-03 	 4.479e-03 	 2.933e-02 
2.39550 	 1.327e-03 	 3.920e-03 	 3.167e-02 
2.39850 	 1.236e-03 	 3.893e-03 	 3.067e-02 
2.40150 	 1.274e-03 	 3.535e-03 	 3.167e-02 
2.40450 	 1.124e-03 	 3.751e-03 	 2.867e-02 
2.40750 	 1.309e-03 	 3.966e-03 	 2.967e-02 
2.41050 	 1.287e-03 	 4.072e-03 	 3.000e-02 
2.41350 	 1.239e-03 	 4.110e-03 	 2.600e-02 
2.41650 	 1.172e-03 	 3.425e-03 	 2.633e-02 
2.41950 	 1.305e-03 	 3.530e-03 	 2.200e-02 
2.42250 	 1.288e-03 	 4.446e-03 	 2.700e-02 
2.42550 	 1.150e-03 	 3.434e-03 	 2.900e-02 
2.42850 	 1.205e-03 	 4.107e-03 	 3.000e-02 
2.43150 	 1.225e-03 	 4.167e-03 	 2.767e-02 
2.43450 	 1.079e-03 	 4.511e-03 	 2.833e-02 
2.43750 	 1.138e-03 	 3.852e-03 	 2.000e-02 
2.44050 	 1.145e-03 	 4.065e-03 	 2.533e-02 
2.44350 	 1.097e-03 	 3.648e-03 	 2.800e-02 
2.44650 	 1.157e-03 	 3.470e-03 	 2.333e-02 
2.44950 	 1.021e-03 	 3.812e-03 	 2.567e-02 
2.45250 	 1.173e-03 	 3.742e-03 	 2.833e-02 
2.45550 	 9.547e-04 	 3.803e-03 	 2.867e-02 
2.45850 	 1.093e-03 	 3.992e-03 	 2.767e-02 
2.46150 	 1.178e-03 	 3.729e-03 	 2.100e-02 
2.46450 	 1.232e-03 	 3.746e-03 	 3.000e-02 
2.46750 	 1.146e-03 	 3.763e-03 	 2.800e-02 
2.47050 	 1.043e-03 	 4.617e-03 	 2.233e-02 
2.47350 	 1.249e-03 	 3.753e-03 	 2.100e-02 
2.47650 	 1.133e-03 	 3.470e-03 	 2.367e-02 
2.47950 	 1.148e-03 	 3.552e-03 	 2.333e-02 
2.48250 	 1.020e-03 	 3.547e-03 	 2.467e-02 
2.48550 	 1.005e-03 	 3.479e-03 	 2.533e-02 
2.48850 	 8.910e-04 	 3.539e-03 	 2.233e-02 
2.49150 	 1.060e-03 	 3.833e-03 	 2.600e-02 
2.49450 	 1.117e-03 	 3.530e-03 	 1.900e-02 
2.49750 	 1.084e-03 	 3.271e-03 	 2.267e-02 
2.50050 	 1.048e-03 	 3.861e-03 	 2.767e-02 
2.50350 	 1.088e-03 	 3.772e-03 	 2.367e-02 
2.50650 	 1.081e-03 	 3.577e-03 	 2.133e-02 
2.50950 	 8.972e-04 	 3.573e-03 	 2.333e-02 
2.51250 	 1.126e-03 	 3.653e-03 	 1.967e-02 
2.51550 	 1.094e-03 	 3.395e-03 	 2.233e-02 
2.51850 	 1.046e-03 	 3.455e-03 	 2.967e-02 
2.52150 	 9.345e-04 	 3.808e-03 	 2.767e-02 
2.52450 	 1.032e-03 	 3.110e-03 	 2.367e-02 
2.52750 	 1.059e-03 	 3.400e-03 	 2.533e-02 
2.53050 	 9.279e-04 	 3.291e-03 	 2.867e-02 
2.53350 	 9.381e-04 	 3.832e-03 	 2.367e-02 
2.53650 	 9.977e-04 	 3.618e-03 	 2.633e-02 
2.53950 	 9.830e-04 	 3.071e-03 	 2.333e-02 
2.54250 	 1.067e-03 	 3.130e-03 	 2.200e-02 
2.54550 	 9.047e-04 	 2.793e-03 	 2.533e-02 
2.54850 	 9.843e-04 	 3.685e-03 	 2.467e-02 
2.55150 	 9.290e-04 	 2.953e-03 	 2.167e-02 
2.55450 	 1.077e-03 	 3.094e-03 	 2.200e-02 
2.55750 	 9.328e-04 	 3.132e-03 	 2.367e-02 
2.56050 	 9.225e-04 	 2.921e-03 	 2.467e-02 
2.56350 	 1.049e-03 	 3.084e-03 	 2.267e-02 
2.56650 	 9.786e-04 	 3.163e-03 	 1.567e-02 
2.56950 	 8.276e-04 	 3.365e-03 	 2.767e-02 
2.57250 	 8.698e-04 	 3.217e-03 	 2.767e-02 
2.57550 	 9.398e-04 	 2.698e-03 	 2.167e-02 
2.57850 	 1.005e-03 	 3.107e-03 	 1.967e-02 
2.58150 	 9.871e-04 	 3.247e-03 	 2.633e-02 
2.58450 	 8.657e-04 	 2.627e-03 	 1.900e-02 
2.58750 	 8.162e-04 	 2.891e-03 	 2.233e-02 
2.59050 	 8.973e-04 	 2.417e-03 	 2.200e-02 
2.59350 	 9.031e-04 	 3.171e-03 	 2.033e-02 
2.59650 	 9.364e-04 	 2.942e-03 	 2.033e-02 
2.59950 	 8.440e-04 	 3.184e-03 	 2.500e-02 
2.60250 	 8.812e-04 	 2.589e-03 	 2.433e-02 
2.60550 	 7.541e-04 	 2.627e-03 	 1.633e-02 
2.60850 	 8.693e-04 	 2.624e-03 	 1.867e-02 
2.61150 	 8.596e-04 	 2.905e-03 	 1.900e-02 
2.61450 	 8.033e-04 	 3.328e-03 	 2.367e-02 
2.61750 	 8.556e-04 	 2.919e-03 	 2.167e-02 
2.62050 	 7.610e-04 	 2.794e-03 	 2.500e-02 
2.62350 	 7.901e-04 	 2.447e-03 	 2.167e-02 
2.62650 	 9.267e-04 	 2.848e-03 	 1.833e-02 
2.62950 	 7.673e-04 	 3.168e-03 	 2.033e-02 
2.63250 	 8.497e-04 	 2.741e-03 	 2.100e-02 
2.63550 	 8.936e-04 	 2.899e-03 	 2.167e-02 
2.63850 	 6.820e-04 	 2.513e-03 	 1.800e-02 
2.64150 	 7.907e-04 	 2.571e-03 	 1.767e-02 
2.64450 	 6.903e-04 	 2.929e-03 	 2.033e-02 
2.64750 	 8.288e-04 	 2.525e-03 	 1.900e-02 
2.65050 	 8.760e-04 	 2.942e-03 	 2.467e-02 
2.65350 	 7.761e-04 	 2.899e-03 	 2.233e-02 
2.65650 	 7.893e-04 	 2.696e-03 	 2.267e-02 
2.65950 	 8.813e-04 	 3.012e-03 	 2.067e-02 
2.66250 	 7.596e-04 	 2.889e-03 	 2.400e-02 
2.66550 	 8.550e-04 	 2.806e-03 	 1.900e-02 
2.66850 	 7.599e-04 	 2.644e-03 	 2.167e-02 
2.67150 	 8.065e-04 	 2.502e-03 	 2.100e-02 
2.67450 	 7.788e-04 	 2.757e-03 	 1.633e-02 
2.67750 	 8.066e-04 	 2.734e-03 	 1.667e-02 
2.68050 	 7.716e-04 	 2.652e-03 	 2.233e-02 
2.68350 	 8.067e-04 	 2.412e-03 	 1.933e-02 
2.68650 	 6.910e-04 	 2.291e-03 	 2.167e-02 
2.68950 	 7.114e-04 	 2.347e-03 	 2.000e-02 
2.69250 	 7.172e-04 	 2.483e-03 	 1.600e-02 
2.69550 	 6.827e-04 	 2.342e-03 	 1.500e-02 
2.69850 	 8.451e-04 	 2.320e-03 	 1.967e-02 
2.70150 	 7.814e-04 	 2.573e-03 	 1.700e-02 
2.70450 	 6.999e-04 	 2.648e-03 	 2.033e-02 
2.70750 	 7.165e-04 	 2.567e-03 	 1.700e-02 
2.71050 	 7.293e-04 	 2.681e-03 	 1.967e-02 
2.71350 	 6.124e-04 	 2.854e-03 	 1.933e-02 
2.71650 	 7.513e-04 	 2.344e-03 	 2.133e-02 
2.71950 	 8.070e-04 	 2.751e-03 	 2.000e-02 
2.72250 	 7.265e-04 	 2.553e-03 	 1.500e-02 
2.72550 	 6.713e-04 	 2.550e-03 	 1.933e-02 
2.72850 	 6.485e-04 	 2.955e-03 	 2.067e-02 
2.73150 	 6.968e-04 	 2.156e-03 	 2.033e-02 
2.73450 	 7.414e-04 	 2.639e-03 	 1.733e-02 
2.73750 	 6.548e-04 	 2.306e-03 	 1.733e-02 
2.74050 	 7.629e-04 	 2.226e-03 	 1.633e-02 
2.74350 	 6.943e-04 	 2.243e-03 	 2.100e-02 
2.74650 	 6.717e-04 	 2.415e-03 	 2.200e-02 
2.74950 	 7.439e-04 	 2.315e-03 	 1.867e-02 
2.75250 	 7.002e-04 	 2.294e-03 	 1.967e-02 
2.75550 	 6.743e-04 	 2.445e-03 	 1.767e-02 
2.75850 	 6.379e-04 	 1.942e-03 	 1.667e-02 
2.76150 	 6.505e-04 	 2.536e-03 	 2.000e-02 
2.76450 	 6.386e-04 	 2.533e-03 	 1.533e-02 
2.76750 	 6.719e-04 	 2.281e-03 	 1.600e-02 
2.77050 	 6.946e-04 	 2.011e-03 	 1.467e-02 
2.77350 	 6.173e-04 	 2.448e-03 	 1.633e-02 
2.77650 	 6.331e-04 	 2.675e-03 	 1.967e-02 
2.77950 	 6.695e-04 	 2.481e-03 	 1.933e-02 
2.78250 	 6.201e-04 	 2.250e-03 	 2.133e-02 
2.78550 	 6.188e-04 	 2.285e-03 	 1.833e-02 
2.78850 	 6.754e-04 	 2.131e-03 	 1.333e-02 
2.79150 	 6.093e-04 	 2.281e-03 	 1.533e-02 
2.79450 	 5.639e-04 	 2.069e-03 	 1.900e-02 
2.79750 	 6.237e-04 	 2.200e-03 	 1.900e-02 
2.80050 	 6.291e-04 	 2.387e-03 	 1.800e-02 
2.80350 	 6.277e-04 	 2.063e-03 	 1.433e-02 
2.80650 	 5.456e-04 	 2.268e-03 	 1.467e-02 
2.80950 	 5.780e-04 	 2.247e-03 	 1.533e-02 
2.81250 	 5.835e-04 	 1.886e-03 	 1.400e-02 
2.81550 	 5.956e-04 	 2.148e-03 	 1.733e-02 
2.81850 	 7.046e-04 	 1.845e-03 	 1.767e-02 
2.82150 	 6.164e-04 	 2.144e-03 	 1.467e-02 
2.82450 	 6.550e-04 	 2.273e-03 	 1.633e-02 
2.82750 	 5.475e-04 	 2.045e-03 	 1.500e-02 
2.83050 	 6.390e-04 	 2.155e-03 	 1.567e-02 
2.83350 	 5.815e-04 	 2.191e-03 	 1.433e-02 
2.83650 	 6.330e-04 	 1.870e-03 	 1.500e-02 
2.83950 	 5.494e-04 	 1.887e-03 	 1.367e-02 
2.84250 	 5.844e-04 	 2.034e-03 	 1.600e-02 
2.84550 	 5.537e-04 	 2.014e-03 	 1.633e-02 
2.84850 	 6.342e-04 	 2.328e-03 	 1.367e-02 
2.85150 	 5.481e-04 	 2.195e-03 	 1.733e-02 
2.85450 	 6.088e-04 	 1.989e-03 	 1.233e-02 
2.85750 	 5.685e-04 	 1.949e-03 	 1.633e-02 
2.86050 	 4.733e-04 	 1.929e-03 	 1.767e-02 
2.86350 	 5.952e-04 	 1.686e-03 	 1.500e-02 
2.86650 	 5.520e-04 	 1.869e-03 	 1.633e-02 
2.86950 	 4.285e-04 	 1.904e-03 	 1.567e-02 
2.87250 	 5.015e-04 	 1.810e-03 	 1.433e-02 
2.87550 	 5.133e-04 	 1.993e-03 	 1.433e-02 
2.87850 	 4.706e-04 	 1.806e-03 	 1.500e-02 
2.88150 	 5.527e-04 	 1.878e-03 	 1.333e-02 
2.88450 	 5.452e-04 	 2.189e-03 	 1.467e-02 
2.88750 	 4.645e-04 	 1.966e-03 	 1.533e-02 
2.89050 	 5.556e-04 	 1.854e-03 	 1.667e-02 
2.89350 	 5.386e-04 	 2.127e-03 	 2.100e-02 
2.89650 	 5.470e-04 	 1.850e-03 	 1.200e-02 
2.89950 	 5.238e-04 	 1.738e-03 	 2.067e-02 
2.90250 	 4.534e-04 	 1.974e-03 	 1.467e-02 
2.90550 	 5.405e-04 	 1.607e-03 	 1.200e-02 
2.90850 	 5.362e-04 	 1.769e-03 	 1.167e-02 
2.91150 	 4.788e-04 	 1.804e-03 	 1.833e-02 
2.91450 	 5.215e-04 	 1.584e-03 	 1.000e-02 
2.91750 	 4.643e-04 	 1.709e-03 	 1.700e-02 
2.92050 	 5.007e-04 	 1.580e-03 	 1.267e-02 
2.92350 	 4.842e-04 	 1.815e-03 	 1.400e-02 
2.92650 	 4.956e-04 	 1.976e-03 	 9.000e-03 
2.92950 	 5.409e-04 	 1.956e-03 	 1.567e-02 
2.93250 	 4.534e-04 	 1.900e-03 	 1.100e-02 
2.93550 	 4.741e-04 	 1.663e-03 	 1.767e-02 
2.93850 	 3.994e-04 	 1.480e-03 	 1.400e-02 
2.94150 	 4.966e-04 	 1.623e-03 	 1.433e-02 
2.94450 	 4.100e-04 	 1.856e-03 	 1.333e-02 
2.94750 	 4.519e-04 	 1.836e-03 	 1.400e-02 
2.95050 	 4.936e-04 	 1.906e-03 	 1.233e-02 
2.95350 	 5.321e-04 	 1.940e-03 	 1.267e-02 
2.95650 	 4.279e-04 	 1.920e-03 	 1.267e-02 
2.95950 	 4.785e-04 	 1.793e-03 	 1.233e-02 
2.96250 	 5.229e-04 	 1.522e-03 	 1.333e-02 
2.96550 	 4.555e-04 	 1.825e-03 	 1.100e-02 
2.96850 	 4.726e-04 	 1.448e-03 	 1.000e-02 
2.97150 	 4.476e-04 	 1.821e-03 	 1.167e-02 
2.97450 	 4.827e-04 	 1.677e-03 	 1.167e-02 
2.97750 	 4.548e-04 	 1.871e-03 	 1.200e-02 
2.98050 	 4.837e-04 	 1.584e-03 	 1.533e-02 
2.98350 	 4.530e-04 	 1.725e-03 	 1.000e-02 
2.98650 	 3.896e-04 	 1.563e-03 	 1.333e-02 
2.98950 	 4.422e-04 	 1.917e-03 	 1.467e-02 
2.99250 	 4.591e-04 	 1.383e-03 	 1.300e-02 
2.99550 	 3.991e-04 	 1.381e-03 	 1.300e-02 
2.99850 	 4.455e-04 	 1.468e-03 	 1.300e-02 
